Added Component: Designator=Arduino nano(Arduino Nano)
Add component. Clean all parameters for all variants
Add component (AddParameter): Name = ""; Value = "Cau 5A"; VariantName = "[No Variations]"
Add component (AddParameter): Name = "Value"; Value = "Cau 1A"; VariantName = "[No Variations]"
Added Component: Designator=C1(CP1.5/3.4)
Add component. Clean all parameters for all variants
Add component (AddParameter): Name = "Description 1"; Value = "1000uF/6,3V - 470uF/16V - 330uF - 25V"; VariantName = "[No Variations]"
Add component (AddParameter): Name = "Description 2"; Value = "220uF/35V - 100uF/50V - 63V - 4,7uF/200V"; VariantName = "[No Variations]"
Add component (AddParameter): Name = "Description 3"; Value = "22uF => 33uF100V - 3,3uF => 4,7uF/250V"; VariantName = "[No Variations]"
Add component (AddParameter): Name = "Description 4"; Value = "2,2uF =>3,3uF/350 - 2,2uF/400V - 1uF/450V"; VariantName = "[No Variations]"
Add component (AddParameter): Name = "Value"; Value = "100uF/35V/50V"; VariantName = "[No Variations]"
Added Component: Designator=C2(SM-CAP-0805)
Add component. Clean all parameters for all variants
Add component (AddParameter): Name = "Value"; Value = "103"; VariantName = "[No Variations]"
Added Component: Designator=IC7805(TO220NH)
Add component. Clean all parameters for all variants
Add component (AddParameter): Name = "ComponentLink1Description"; Value = "Manufacturer Link"; VariantName = "[No Variations]"
Add component (AddParameter): Name = "ComponentLink1URL"; Value = "http://www.st.com/"; VariantName = "[No Variations]"
Add component (AddParameter): Name = "ComponentLink2Description"; Value = "Datasheet"; VariantName = "[No Variations]"
Add component (AddParameter): Name = "ComponentLink2URL"; Value = "http://www.st.com/stonline/products/literature/ds/2146/l78m05c.pdf"; VariantName = "[No Variations]"
Add component (AddParameter): Name = "DatasheetVersion"; Value = "Apr-1994"; VariantName = "[No Variations]"
Add component (AddParameter): Name = "LatestRevisionDate"; Value = "17-Jul-2002"; VariantName = "[No Variations]"
Add component (AddParameter): Name = "LatestRevisionNote"; Value = "Re-released for DXP Platform."; VariantName = "[No Variations]"
Add component (AddParameter): Name = "Note"; Value = "Tab is connected to pin 3 (GND)."; VariantName = "[No Variations]"
Add component (AddParameter): Name = "PackageDescription"; Value = "TO, Thru-Hole, Vertical, Heatsink Mounted; 3 In-Line Leads; Pitch 2.54 mm; Pin sequence 1, 3, 2"; VariantName = "[No Variations]"
Add component (AddParameter): Name = "PackageReference"; Value = "ISOWATT220AB"; VariantName = "[No Variations]"
Add component (AddParameter): Name = "PackageVersion"; Value = "Jul-1998"; VariantName = "[No Variations]"
Add component (AddParameter): Name = "Published"; Value = "24-Aug-2001"; VariantName = "[No Variations]"
Add component (AddParameter): Name = "Publisher"; Value = "Altium Limited"; VariantName = "[No Variations]"
Added Component: Designator=J_servo1(JP3x2)
Add component. Clean all parameters for all variants
Add component (AddParameter): Name = "Value"; Value = "Connector 3x2"; VariantName = "[No Variations]"
Added Component: Designator=J_servo2(JP3x2)
Add component. Clean all parameters for all variants
Add component (AddParameter): Name = "Value"; Value = "Connector 3x2"; VariantName = "[No Variations]"
Added Component: Designator=JP?(CON2)
Add component. Clean all parameters for all variants
Add component (AddParameter): Name = "Value"; Value = "Connector 2"; VariantName = "[No Variations]"
Added Component: Designator=JP_BlueT(CON6)
Add component. Clean all parameters for all variants
Add component (AddParameter): Name = "Value"; Value = "JP7"; VariantName = "[No Variations]"
Added Component: Designator=JP_SF(CON4)
Add component. Clean all parameters for all variants
Add component (AddParameter): Name = "Value"; Value = "Connector 4"; VariantName = "[No Variations]"
Added Component: Designator=R1(SM-RES-0805)
Add component. Clean all parameters for all variants
Add component (AddParameter): Name = "Value"; Value = "R1/4W - 1K"; VariantName = "[No Variations]"
Added Component: Designator=R2(SM-RES-0805)
Add component. Clean all parameters for all variants
Add component (AddParameter): Name = "Value"; Value = "R1/4W - 1K"; VariantName = "[No Variations]"
Added Pin To Net: NetName=NetArduino nano_D2 Pin=Arduino nano-D2
Added Pin To Net: NetName=NetArduino nano_D3 Pin=Arduino nano-D3
Added Pin To Net: NetName=NetArduino nano_D4 Pin=Arduino nano-D4
Added Pin To Net: NetName=NetArduino nano_D5 Pin=Arduino nano-D5
Added Pin To Net: NetName=NetArduino nano_D6 Pin=Arduino nano-D6
Added Pin To Net: NetName=NetArduino nano_D7 Pin=Arduino nano-D7
Added Pin To Net: NetName=NetArduino nano_D8 Pin=Arduino nano-D8
Added Pin To Net: NetName=NetArduino nano_D9 Pin=Arduino nano-D9
Added Pin To Net: NetName=GND Pin=Arduino nano-GND
Added Pin To Net: NetName=GND Pin=Arduino nano-GND
Added Pin To Net: NetName=GND Pin=Arduino nano-VIN
Added Pin To Net: NetName=NetC1_1 Pin=C1-1
Added Pin To Net: NetName=GND Pin=C1-2
Added Pin To Net: NetName=GND Pin=C2-1
Added Pin To Net: NetName=NetC1_1 Pin=C2-2
Added Pin To Net: NetName=GND Pin=IC7805-2
Added Pin To Net: NetName=NetC1_1 Pin=IC7805-3
Added Pin To Net: NetName=NetArduino nano_D4 Pin=J_servo1-1
Added Pin To Net: NetName=NetC1_1 Pin=J_servo1-2
Added Pin To Net: NetName=GND Pin=J_servo1-3
Added Pin To Net: NetName=NetArduino nano_D5 Pin=J_servo1-4
Added Pin To Net: NetName=NetC1_1 Pin=J_servo1-5
Added Pin To Net: NetName=GND Pin=J_servo1-6
Added Pin To Net: NetName=NetArduino nano_D2 Pin=J_servo2-1
Added Pin To Net: NetName=NetC1_1 Pin=J_servo2-2
Added Pin To Net: NetName=GND Pin=J_servo2-3
Added Pin To Net: NetName=NetArduino nano_D3 Pin=J_servo2-4
Added Pin To Net: NetName=NetC1_1 Pin=J_servo2-5
Added Pin To Net: NetName=GND Pin=J_servo2-6
Added Pin To Net: NetName=GND Pin=JP?-1
Added Pin To Net: NetName=GND Pin=JP?-2
Added Pin To Net: NetName=NetC1_1 Pin=JP_BlueT-2
Added Pin To Net: NetName=GND Pin=JP_BlueT-3
Added Pin To Net: NetName=NetArduino nano_D7 Pin=JP_BlueT-4
Added Pin To Net: NetName=NetJP_BlueT_5 Pin=JP_BlueT-5
Added Pin To Net: NetName=NetC1_1 Pin=JP_SF-1
Added Pin To Net: NetName=NetArduino nano_D8 Pin=JP_SF-2
Added Pin To Net: NetName=NetArduino nano_D9 Pin=JP_SF-3
Added Pin To Net: NetName=GND Pin=JP_SF-4
Added Pin To Net: NetName=NetArduino nano_D6 Pin=R1-1
Added Pin To Net: NetName=NetJP_BlueT_5 Pin=R1-2
Added Pin To Net: NetName=NetJP_BlueT_5 Pin=R2-1
Added Pin To Net: NetName=GND Pin=R2-2
Added Member To Class: ClassName=Nano_pro Member=Component Arduino nano Arduino Nano
Added Member To Class: ClassName=Nano_pro Member=Component C1 47uF/35V
Added Member To Class: ClassName=Nano_pro Member=Component C2 0.1uF
Added Member To Class: ClassName=Nano_pro Member=Component IC7805 LM78xx
Added Member To Class: ClassName=Nano_pro Member=Component J_servo1 Connector 3x2
Added Member To Class: ClassName=Nano_pro Member=Component J_servo2 Connector 3x2
Added Member To Class: ClassName=Nano_pro Member=Component JP? JP2
Added Member To Class: ClassName=Nano_pro Member=Component JP_BlueT JP6 PIN
Added Member To Class: ClassName=Nano_pro Member=Component JP_SF JP4
Added Member To Class: ClassName=Nano_pro Member=Component R1 1k
Added Member To Class: ClassName=Nano_pro Member=Component R2 2k
Added Room: Name=Nano_pro
